<?xml version='1.0' encoding='UTF-8'?>
<testsuite hostname="DESKTOP-6UA69UO" name="models.utilitiestest" tests="2" errors="0" failures="0" skipped="0" time="0.0" timestamp="2022-03-19T21:44:19">
                     <properties>
[...]
</properties>
                     <testcase classname="models.utilitiestest" name="wordFrequencyCountertest" time="0.0">
                                                 
                                               </testcase><testcase classname="models.utilitiestest" name="dataconvertortest" time="0.0">
                                                 
                                               </testcase>
                     <system-out><![CDATA[]]></system-out>
                     <system-err><![CDATA[]]></system-err>
                   </testsuite>